<?xml version="1.0" encoding="UTF-8"?>
<testng-results ignored="0" total="2" passed="2" failed="0" skipped="0">
  <reporter-output>
  </reporter-output>
  <suite started-at="2024-10-06T18:42:38 IST" name="Suite" finished-at="2024-10-06T18:43:32 IST" duration-ms="53388">
    <groups>
      <group name="cucumber">
        <method signature="AbstractTestNGCucumberTests.runScenario(io.cucumber.testng.PickleWrapper,io.cucumber.testng.FeatureWrapper)[pri:0, instance:testrunner.TestRunner@196a42c3]" name="runScenario" class="io.cucumber.testng.AbstractTestNGCucumberTests"/>
      </group> <!-- cucumber -->
    </groups>
    <test started-at="2024-10-06T18:42:38 IST" name="ChromeTest" finished-at="2024-10-06T18:43:32 IST" duration-ms="53388">
      <class name="testrunner.TestRunner">
        <test-method is-config="true" signature="propLoader()[pri:0, instance:testrunner.TestRunner@196a42c3]" started-at="2024-10-06T18:42:38 IST" name="propLoader" finished-at="2024-10-06T18:42:38 IST" duration-ms="16" status="PASS">
          <reporter-output>
          </reporter-output>
        </test-method> <!-- propLoader -->
        <test-method is-config="true" signature="defineBrowser(java.lang.String)[pri:0, instance:testrunner.TestRunner@196a42c3]" started-at="2024-10-06T18:42:38 IST" name="defineBrowser" finished-at="2024-10-06T18:42:38 IST" duration-ms="5" status="PASS">
          <params>
            <param index="0">
              <value>
                <![CDATA[chrome]]>
              </value>
            </param>
          </params>
          <reporter-output>
          </reporter-output>
        </test-method> <!-- defineBrowser -->
        <test-method is-config="true" signature="setUpClass(org.testng.ITestContext)[pri:0, instance:testrunner.TestRunner@196a42c3]" started-at="2024-10-06T18:42:39 IST" name="setUpClass" finished-at="2024-10-06T18:42:39 IST" duration-ms="443" status="PASS">
          <params>
            <param index="0">
              <value>
                <![CDATA[org.testng.TestRunner@6ebd78d1]]>
              </value>
            </param>
          </params>
          <reporter-output>
          </reporter-output>
        </test-method> <!-- setUpClass -->
        <test-method signature="runScenario(io.cucumber.testng.PickleWrapper,io.cucumber.testng.FeatureWrapper)[pri:0, instance:testrunner.TestRunner@196a42c3]" started-at="2024-10-06T18:42:39 IST" name="runScenario" description="Runs Cucumber Scenarios" data-provider="scenarios" finished-at="2024-10-06T18:42:59 IST" duration-ms="20166" status="PASS">
          <params>
            <param index="0">
              <value>
                <![CDATA["Get counts of total Videos Feeds and the video feeds those are present in the page >= 3d"]]>
              </value>
            </param>
            <param index="1">
              <value>
                <![CDATA["To test functionality of Core Product (CP)"]]>
              </value>
            </param>
          </params>
          <reporter-output>
          </reporter-output>
        </test-method> <!-- runScenario -->
        <test-method signature="runScenario(io.cucumber.testng.PickleWrapper,io.cucumber.testng.FeatureWrapper)[pri:0, instance:testrunner.TestRunner@196a42c3]" started-at="2024-10-06T18:42:39 IST" name="runScenario" description="Runs Cucumber Scenarios" data-provider="scenarios" finished-at="2024-10-06T18:43:32 IST" duration-ms="52851" status="PASS">
          <params>
            <param index="0">
              <value>
                <![CDATA["Get product details from Warrior Mens webpage and attach it as a text file in the report"]]>
              </value>
            </param>
            <param index="1">
              <value>
                <![CDATA["To test functionality of Core Product (CP)"]]>
              </value>
            </param>
          </params>
          <reporter-output>
          </reporter-output>
        </test-method> <!-- runScenario -->
        <test-method is-config="true" signature="tearDownClass()[pri:0, instance:testrunner.TestRunner@196a42c3]" started-at="2024-10-06T18:43:32 IST" name="tearDownClass" finished-at="2024-10-06T18:43:32 IST" duration-ms="54" status="PASS">
          <reporter-output>
          </reporter-output>
        </test-method> <!-- tearDownClass -->
      </class> <!-- testrunner.TestRunner -->
    </test> <!-- ChromeTest -->
  </suite> <!-- Suite -->
</testng-results>
